{"uuid":"279fa5e9-dbbd-43f1-b1ef-e94a7eaa8105","historyId":"627c737c385ca40da3d5e35e4000dbd2","fullName":"apiauto.testApi_NegatifCase.Negatif_testValidateJsonSchemaGetSingleUser","labels":[{"name":"package","value":"apiauto.testApi_NegatifCase"},{"name":"testClass","value":"apiauto.testApi_NegatifCase"},{"name":"testMethod","value":"Negatif_testValidateJsonSchemaGetSingleUser"},{"name":"parentSuite","value":"Fery Test API"},{"name":"suite","value":"Tipe User GetPost"},{"name":"subSuite","value":"apiauto.testApi_NegatifCase"},{"name":"host","value":"LAPTOP-0J261A0G"},{"name":"thread","value":"7336@LAPTOP-0J261A0G.main(1)"},{"name":"framework","value":"testng"},{"name":"language","value":"java"}],"links":[],"name":"Negatif_testValidateJsonSchemaGetSingleUser","status":"broken","statusDetails":{"known":false,"muted":false,"flaky":false,"message":"com.github.fge.jsonschema.core.exceptions.InvalidSchemaException: fatal: invalid JSON Schema, cannot continue\nSyntax errors:\n[ {\r\n  \"level\" : \"error\",\r\n  \"message\" : \"\\\"Array\\\" is not a valid primitive type (valid values are: [array, boolean, integer, null, number, object, string])\",\r\n  \"domain\" : \"syntax\",\r\n  \"schema\" : {\r\n    \"loadingURI\" : \"#\",\r\n    \"pointer\" : \"/properties/page\"\r\n  },\r\n  \"keyword\" : \"type\",\r\n  \"found\" : \"Array\",\r\n  \"valid\" : [ \"array\", \"boolean\", \"integer\", \"null\", \"number\", \"object\", \"string\" ]\r\n} ]\n    level: \"fatal\"\n","trace":"io.restassured.module.jsv.JsonSchemaValidationException: com.github.fge.jsonschema.core.exceptions.InvalidSchemaException: fatal: invalid JSON Schema, cannot continue\nSyntax errors:\n[ {\r\n  \"level\" : \"error\",\r\n  \"message\" : \"\\\"Array\\\" is not a valid primitive type (valid values are: [array, boolean, integer, null, number, object, string])\",\r\n  \"domain\" : \"syntax\",\r\n  \"schema\" : {\r\n    \"loadingURI\" : \"#\",\r\n    \"pointer\" : \"/properties/page\"\r\n  },\r\n  \"keyword\" : \"type\",\r\n  \"found\" : \"Array\",\r\n  \"valid\" : [ \"array\", \"boolean\", \"integer\", \"null\", \"number\", \"object\", \"string\" ]\r\n} ]\n    level: \"fatal\"\n\r\n\tat io.restassured.module.jsv.JsonSchemaValidator.matchesSafely(JsonSchemaValidator.java:233)\r\n\tat io.restassured.module.jsv.JsonSchemaValidator.matchesSafely(JsonSchemaValidator.java:75)\r\n\tat org.hamcrest.TypeSafeMatcher.matches(TypeSafeMatcher.java:67)\r\n\tat io.restassured.internal.assertion.BodyMatcher.validate(BodyMatcher.java:82)\r\n\tat io.restassured.internal.assertion.BodyMatcherGroup.lambda$validate$0(BodyMatcherGroup.java:30)\r\n\tat java.base/java.util.stream.ReferencePipeline$3$1.accept(ReferencePipeline.java:197)\r\n\tat java.base/java.util.ArrayList$ArrayListSpliterator.forEachRemaining(ArrayList.java:1625)\r\n\tat java.base/java.util.stream.AbstractPipeline.copyInto(AbstractPipeline.java:509)\r\n\tat java.base/java.util.stream.AbstractPipeline.wrapAndCopyInto(AbstractPipeline.java:499)\r\n\tat java.base/java.util.stream.ReduceOps$ReduceOp.evaluateSequential(ReduceOps.java:921)\r\n\tat java.base/java.util.stream.AbstractPipeline.evaluate(AbstractPipeline.java:234)\r\n\tat java.base/java.util.stream.ReferencePipeline.collect(ReferencePipeline.java:682)\r\n\tat io.restassured.internal.assertion.BodyMatcherGroup.validate(BodyMatcherGroup.java:30)\r\n\tat io.restassured.internal.assertion.BodyMatcherGroup$validate$3.call(Unknown Source)\r\n\tat org.codehaus.groovy.runtime.callsite.CallSiteArray.defaultCall(CallSiteArray.java:45)\r\n\tat io.restassured.internal.assertion.BodyMatcherGroup$validate$3.call(Unknown Source)\r\n\tat io.restassured.internal.ResponseSpecificationImpl$HamcrestAssertionClosure.validate(ResponseSpecificationImpl.groovy:499)\r\n\tat io.restassured.internal.ResponseSpecificationImpl$HamcrestAssertionClosure$validate$1.call(Unknown Source)\r\n\tat io.restassured.internal.ResponseSpecificationImpl.validateResponseIfRequired(ResponseSpecificationImpl.groovy:696)\r\n\tat io.restassured.internal.ResponseSpecificationImpl.this$2$validateResponseIfRequired(ResponseSpecificationImpl.groovy)\r\n\tat java.base/jdk.internal.reflect.DirectMethodHandleAccessor.invoke(DirectMethodHandleAccessor.java:104)\r\n\tat java.base/java.lang.reflect.Method.invoke(Method.java:578)\r\n\tat org.codehaus.groovy.runtime.callsite.PlainObjectMetaMethodSite.doInvoke(PlainObjectMetaMethodSite.java:43)\r\n\tat org.codehaus.groovy.runtime.callsite.PogoMetaMethodSite$PogoCachedMethodSiteNoUnwrapNoCoerce.invoke(PogoMetaMethodSite.java:198)\r\n\tat org.codehaus.groovy.runtime.callsite.PogoMetaMethodSite.callCurrent(PogoMetaMethodSite.java:62)\r\n\tat org.codehaus.groovy.runtime.callsite.AbstractCallSite.callCurrent(AbstractCallSite.java:185)\r\n\tat io.restassured.internal.ResponseSpecificationImpl.body(ResponseSpecificationImpl.groovy:107)\r\n\tat io.restassured.internal.ValidatableResponseOptionsImpl.body(ValidatableResponseOptionsImpl.java:238)\r\n\tat apiauto.testApi_NegatifCase.Negatif_testValidateJsonSchemaGetSingleUser(testApi_NegatifCase.java:56)\r\n\tat java.base/jdk.internal.reflect.DirectMethodHandleAccessor.invoke(DirectMethodHandleAccessor.java:104)\r\n\tat java.base/java.lang.reflect.Method.invoke(Method.java:578)\r\n\tat org.testng.internal.invokers.MethodInvocationHelper.invokeMethod(MethodInvocationHelper.java:139)\r\n\tat org.testng.internal.invokers.TestInvoker.invokeMethod(TestInvoker.java:664)\r\n\tat org.testng.internal.invokers.TestInvoker.invokeTestMethod(TestInvoker.java:227)\r\n\tat org.testng.internal.invokers.MethodRunner.runInSequence(MethodRunner.java:50)\r\n\tat org.testng.internal.invokers.TestInvoker$MethodInvocationAgent.invoke(TestInvoker.java:957)\r\n\tat org.testng.internal.invokers.TestInvoker.invokeTestMethods(TestInvoker.java:200)\r\n\tat org.testng.internal.invokers.TestMethodWorker.invokeTestMethods(TestMethodWorker.java:148)\r\n\tat org.testng.internal.invokers.TestMethodWorker.run(TestMethodWorker.java:128)\r\n\tat java.base/java.util.ArrayList.forEach(ArrayList.java:1511)\r\n\tat org.testng.TestRunner.privateRun(TestRunner.java:848)\r\n\tat org.testng.TestRunner.run(TestRunner.java:621)\r\n\tat org.testng.SuiteRunner.runTest(SuiteRunner.java:443)\r\n\tat org.testng.SuiteRunner.runSequentially(SuiteRunner.java:437)\r\n\tat org.testng.SuiteRunner.privateRun(SuiteRunner.java:397)\r\n\tat org.testng.SuiteRunner.run(SuiteRunner.java:336)\r\n\tat org.testng.SuiteRunnerWorker.runSuite(SuiteRunnerWorker.java:52)\r\n\tat org.testng.SuiteRunnerWorker.run(SuiteRunnerWorker.java:95)\r\n\tat org.testng.TestNG.runSuitesSequentially(TestNG.java:1280)\r\n\tat org.testng.TestNG.runSuitesLocally(TestNG.java:1200)\r\n\tat org.testng.TestNG.runSuites(TestNG.java:1114)\r\n\tat org.testng.TestNG.run(TestNG.java:1082)\r\n\tat com.intellij.rt.testng.IDEARemoteTestNG.run(IDEARemoteTestNG.java:66)\r\n\tat com.intellij.rt.testng.RemoteTestNGStarter.main(RemoteTestNGStarter.java:105)\r\nCaused by: com.github.fge.jsonschema.core.exceptions.InvalidSchemaException: fatal: invalid JSON Schema, cannot continue\nSyntax errors:\n[ {\r\n  \"level\" : \"error\",\r\n  \"message\" : \"\\\"Array\\\" is not a valid primitive type (valid values are: [array, boolean, integer, null, number, object, string])\",\r\n  \"domain\" : \"syntax\",\r\n  \"schema\" : {\r\n    \"loadingURI\" : \"#\",\r\n    \"pointer\" : \"/properties/page\"\r\n  },\r\n  \"keyword\" : \"type\",\r\n  \"found\" : \"Array\",\r\n  \"valid\" : [ \"array\", \"boolean\", \"integer\", \"null\", \"number\", \"object\", \"string\" ]\r\n} ]\n    level: \"fatal\"\n\r\n\tat com.github.fge.jsonschema.processors.validation.InstanceValidator.process(InstanceValidator.java:114)\r\n\tat com.github.fge.jsonschema.processors.validation.ValidationProcessor.process(ValidationProcessor.java:56)\r\n\tat com.github.fge.jsonschema.processors.validation.ValidationProcessor.process(ValidationProcessor.java:34)\r\n\tat com.github.fge.jsonschema.core.processing.ProcessingResult.of(ProcessingResult.java:79)\r\n\tat com.github.fge.jsonschema.main.JsonSchemaImpl.doValidate(JsonSchemaImpl.java:77)\r\n\tat com.github.fge.jsonschema.main.JsonSchemaImpl.validate(JsonSchemaImpl.java:100)\r\n\tat com.github.fge.jsonschema.main.JsonSchemaImpl.validate(JsonSchemaImpl.java:110)\r\n\tat io.restassured.module.jsv.JsonSchemaValidator.matchesSafely(JsonSchemaValidator.java:227)\r\n\t... 53 more\r\n"},"stage":"finished","steps":[],"attachments":[],"parameters":[],"start":1695814481199,"stop":1695814481491}